         w __deregister_frame_info
         w __register_frame_info
         w userAppExit
         w userAppInit
00000000 00000802 B __ctru_dev_utf16_buf
00000000 b _TLS_MODULE_BASE_
00000000 a shift
00000000 a shift
00000804 00000401 B __ctru_dev_path_buf
00100000 A __start__
00100000 T _start
00100008 T __service_ptr
0010000c T __apt_appid
00100010 T __heap_size
00100014 T __linear_heap_size
00100018 T __system_arglist
0010001c T __system_runflags
00100020 t startup
00100058 t ClearMem
0010006c t ClrLoop
00100094 T _init
001000ac T __aeabi_idiv
001000ac 00000220 T __divsi3
001000b4 t .divsi3_skip_div0_test
001002cc 00000020 T __aeabi_idivmod
001002ec 00000004 W __aeabi_idiv0
001002ec 00000004 W __aeabi_ldiv0
001002f0 T __aeabi_uldivmod
00100348 00000390 T strcmp
001006d0 t .udivsi3_skip_div0_test
001006d0 T __aeabi_uidiv
001006d0 000001ec T __udivsi3
001008bc 00000020 T __aeabi_uidivmod
001008dc T __aeabi_drsub
001008e4 000002b0 T __aeabi_dsub
001008e4 000002b0 T __subdf3
001008e8 000002ac T __adddf3
001008e8 000002ac T __aeabi_dadd
00100b94 00000024 T __aeabi_ui2d
00100b94 00000024 T __floatunsidf
00100bb8 00000028 T __aeabi_i2d
00100bb8 00000028 T __floatsidf
00100be0 00000048 T __aeabi_f2d
00100be0 00000048 T __extendsfdf2
00100c28 00000074 T __aeabi_ul2d
00100c28 00000074 T __floatundidf
00100c3c 00000060 T __aeabi_l2d
00100c3c 00000060 T __floatdidf
00100c9c t __do_global_dtors_aux
00100cdc t frame_dummy
00100d08 000000a4 T main
00100dac 000001f4 t parseColor
00100fa0 000001ac T consoleDrawChar
0010114c 00000124 T consolePrintChar
00101270 00000be4 T con_write
00101e54 000000fc t newRow
00101f50 00000168 T consoleInit
001020b8 000000d0 t gfxPresentFramebuffer
00102188 00000010 T gfxSet3D
00102198 0000001c T gfxIsWide
001021b4 000000ec T gfxSetScreenFormat
001022a0 00000010 T gfxSetDoubleBuffering
001022b0 000000e0 T gfxInit
00102390 00000010 T gfxInitDefault
001023a0 000000b4 T gfxExit
00102454 000000a0 T gfxGetFramebuffer
001024f4 00000104 T gfxFlushBuffers
001025f8 00000050 T gfxSwapBuffers
00102648 00000050 T gfxSwapBuffersGpu
00102698 0000012c T srvInit
001027c4 00000058 T srvExit
0010281c 00000060 T srvEnableNotification
0010287c 000000a0 T srvGetServiceHandleDirect
0010291c 00000038 T srvGetServiceHandle
00102954 00000034 T srvSubscribe
00102988 00000060 T srvReceiveNotification
001029e8 00000038 T srvPublishToSubscriber
00102a20 000001ac t aptConvertScreenForCapture
00102bcc 00000008 W aptDspSleep
00102bd4 00000004 W aptDspWakeup
00102bd8 00000004 W aptDspCancel
00102bdc 00000158 T aptSendCommand
00102d38 00000044 t aptExitProcess
00102d7c 0000038c T aptExit
00103108 000000e0 T aptHandleSleep
001031e8 00000084 T APT_SleepIfShellClosed
0010326c 00000084 T aptSetSleepAllowed
001032f0 00000084 T APT_UnlockTransition
00103378 000004a4 t aptEventHandler
0010381c 000000b0 T APT_ReceiveParameter
001038cc 000000ac t aptReceiveParameter.constprop.0
00103978 000002ac t aptScreenTransfer
00103c24 00000320 t aptWaitForWakeUp.isra.0
00103f44 000000f8 T aptJumpToHomeMenu
0010403c 00000048 T aptMainLoop
00104084 0000022c T aptInit
001042b0 0000007c T APT_CheckNew3DS
0010432c 00000c64 t gspHardwareInit
00104f90 00000248 T gspInit
001051d8 000000f0 T gspExit
001052c8 00000010 T gspHasGpuRight
001052d8 000000a0 T gspPresentBuffer
00105378 00000044 T gspWaitForEvent
001053bc 00000004 W gxCmdQueueInterrupt
001053c0 00000158 t gspEventThreadMain
00105518 00000050 T GSPGPU_FlushDataCache
00105568 00000034 T GSPGPU_SetLcdForceBlack
0010559c 00000068 T GSPGPU_AcquireRight
00105604 00000048 T GSPGPU_ReleaseRight
0010564c 0000007c T GSPGPU_ImportDisplayCaptureInfo
001056c8 0000002c T GSPGPU_SaveVramSysArea
001056f4 0000002c T GSPGPU_RestoreVramSysArea
00105720 00000024 W hidShouldUseIrrst
00105744 0000018c T hidInit
001058d0 000000e8 T hidExit
001059b8 000002a4 T hidScanInput
00105c5c 00000010 T hidKeysHeld
00105c6c 00000010 T hidKeysDown
00105c7c 00000010 T hidKeysUp
00105c8c 00000160 T irrstInit
00105dec 000000cc T irrstExit
00105eb8 000000b4 T irrstScanInput
00105f6c 00000024 T irrstKeysHeld
00105f90 0000000c T srvPmGetSessionHandle
00105f9c 00000038 W __libctru_init
00105fd4 00000170 W __system_initArgv
00106144 00000030 T __syscall_getreent
00106174 00000004 T __syscall_lock_acquire
00106178 00000004 T __syscall_lock_release
0010617c 00000004 T __syscall_lock_acquire_recursive
00106180 00000004 T __syscall_lock_release_recursive
00106184 00000004 T __syscall_exit
00106188 00000050 T initThreadVars
001061d8 00000080 T __system_initSyscalls
00106258 T svcControlMemory
00106278 T svcQueryMemory
001062a8 T svcExitProcess
001062b0 T svcCreateThread
001062d0 T svcExitThread
001062d8 T svcSleepThread
001062e0 T svcReleaseMutex
001062e8 T svcCreateEvent
001062fc T svcSignalEvent
00106304 T svcClearEvent
0010630c T svcMapMemoryBlock
00106314 T svcUnmapMemoryBlock
0010631c T svcCreateAddressArbiter
00106330 T svcArbitrateAddressNoTimeout
00106338 T svcCloseHandle
00106340 T svcWaitSynchronization
00106348 T svcWaitSynchronizationN
00106370 T svcDuplicateHandle
00106384 T svcConnectToPort
00106398 T svcSendSyncRequest
001063a0 T svcGetResourceLimit
001063b4 T svcGetResourceLimitLimitValues
001063bc T svcGetResourceLimitCurrentValues
001063c4 T svcBreak
001063cc W initSystem
0010641c W __ctru_exit
00106430 00000024 t addrMapNodeComparator(rbtree_node const*, rbtree_node const*)
00106454 00000004 t addrMapNodeDestructor(rbtree_node*)
00106458 00000120 T linearMemAlign
00106578 00000008 T linearAlloc
00106580 0000005c T linearFree
001065dc 00000080 T MemPool::CoalesceRight(MemBlock*)
0010665c 0000016c T MemPool::Allocate(MemChunk&, unsigned long, int)
001067c8 000000fc T MemPool::Deallocate(MemChunk const&)
001068c4 00000030 T MemPool::GetFreeSpace()
001068f4 00000024 t addrMapNodeComparator(rbtree_node const*, rbtree_node const*)
00106918 00000004 t addrMapNodeDestructor(rbtree_node*)
0010691c 0000024c T vramMemAlignAt
00106b68 0000000c T vramAlloc
00106b74 00000090 T vramFree
00106c04 00000084 W envGetHandle
00106c88 00000050 W envDestroyHandles
00106cd8 00000034 T __ctru_speedup_config
00106d0c 0000000c T __sync_init
00106d18 00000018 T __sync_fini
00106d30 0000002c T syncArbitrateAddress
00106d5c 000000ac T LightLock_Lock
00106e08 00000040 T LightLock_Unlock
00106e48 00000030 T RecursiveLock_Lock
00106e78 00000054 T RecursiveLock_Unlock
00106ecc 00000040 T LightEvent_Init
00106f0c 000000a4 T LightEvent_Clear
00106fb0 000000c8 T LightEvent_Signal
00107078 00000050 T LightEvent_TryWait
001070c8 000000a0 T LightEvent_Wait
00107168 000001d8 T threadCreate
00107340 0000002c T threadFree
0010736c 00000024 T threadJoin
00107390 00000030 T threadGetCurrent
001073c0 00000040 T threadExit
00107400 00000020 t _thread_begin
00107420 000000b4 t mappableFindAddressWithin
001074d4 00000028 T mappableInit
001074fc 00000080 T mappableAlloc
0010757c 00000004 T mappableFree
00107580 00000074 T ptmSysmInit
001075f4 0000003c T ptmSysmExit
00107630 00000034 T PTMSYSM_ConfigureNew3DSCPU
00107664 00000074 T rbtree_find
001076d8 00000010 T rbtree_init
001076e8 000001b0 t do_insert
00107898 00000008 T rbtree_insert
001078a0 00000318 T rbtree_remove
00107bb8 00000090 T rbtree_rotate
00107c48 000001e0 W __system_allocateHeaps
00107e28 00000030 W __appExit
00107e58 00000030 W __appInit
00107e88 00000090 W __libctru_exit
00107f18 00000014 t archive_link
00107f2c 00000014 t archive_dirreset
00107f40 00000014 t archive_chmod
00107f54 00000024 t error_cmp
00107f78 00000050 t archive_translate_error
00107fc8 000000c8 t archive_seek
00108090 0000007c t _archiveInit.part.0
0010810c 000000c4 t archiveFindDevice.part.0
001081d0 00000280 t archive_utf16path
00108450 0000009c t _archiveUnmountDeviceStruct.part.0
001084ec 00000014 t archive_fchmod
00108500 00000014 t archive_statvfs
00108514 00000164 t _archiveMountDevice
00108678 000000e8 t archive_diropen
00108760 000000a4 t archive_fstat
00108804 0000006c t archive_fsync
00108870 0000006c t archive_close
001088dc 00000070 t archive_dirclose
0010894c 000000e8 t sdmc_statvfs
00108a34 000000ec t archive_chdir
00108b20 0000007c t archive_ftruncate
00108b9c 000000ac t archive_read
00108c48 000000a4 t archive_unlink
00108cec 000000bc t archive_rmdir
00108da8 000000dc t archive_mkdir
00108e84 00000194 t archive_stat
00109018 00000160 t archive_dirnext
00109178 00000124 t archive_write
0010929c 0000020c t archive_open
001094a8 00000278 t archive_rename
00109720 0000019c T archiveMountSdmc
001098bc 00000054 T archiveUnmountAll
00109910 000000cc T fsInit
001099dc 0000003c T fsExit
00109a18 00000060 T fsExemptFromSession
00109a78 00000050 T fsUnexemptFromSession
00109ac8 000000cc T FSUSER_OpenFile
00109b94 000000bc T FSUSER_DeleteFile
00109c50 000000f8 T FSUSER_RenameFile
00109d48 000000bc T FSUSER_DeleteDirectory
00109e04 000000d4 T FSUSER_CreateFile
00109ed8 000000c4 T FSUSER_CreateDirectory
00109f9c 000000f8 T FSUSER_RenameDirectory
0010a094 000000b4 T FSUSER_OpenDirectory
0010a148 00000094 T FSUSER_OpenArchive
0010a1dc 0000008c T FSUSER_CloseArchive
0010a268 00000074 T FSUSER_GetSdmcArchiveResource
0010a2dc 00000064 T FSUSER_IsSdmcWritable
0010a340 00000058 T FSFILE_Read
0010a398 00000060 T FSFILE_Write
0010a3f8 00000038 T FSFILE_GetSize
0010a430 00000028 T FSFILE_SetSize
0010a458 0000003c T FSFILE_Close
0010a494 00000024 T FSFILE_Flush
0010a4b8 00000050 T FSDIR_Read
0010a508 0000003c T FSDIR_Close
0010a544 0000005c T rbtree_node_next
0010a5a0 0000013c T decode_utf8
0010a6dc 000000e8 T utf16_to_utf8
0010a7c4 000000c0 T utf8_to_utf16
0010a884 T __aeabi_read_tp
0010a890 00000064 T decode_utf16
0010a8f4 00000054 T encode_utf16
0010a948 000000e0 T encode_utf8
0010aa28 00000120 T __udivmoddi4
0010ab48 00000034 T printf
0010ab7c 00000020 T memalign
0010ab9c 0000014c T _memalign_r
0010ace8 00000078 T bsearch
0010ad60 00000074 T sscanf
0010add4 00000044 T __sread
0010ae18 00000008 T __seofread
0010ae20 00000068 T __swrite
0010ae88 00000044 T __sseek
0010aecc 00000008 T __sclose
0010aed4 0000025c T setvbuf
0010b130 00000004 W __call_exitprocs
0010b134 00000030 T exit
0010b164 000000f8 T _malloc_trim_r
0010b25c 000002e8 T _free_r
0010b544 00000018 T malloc
0010b55c 00000018 T free
0010b574 00000050 t get_arg
0010b5c4 00002bf8 T __ssvfscanf_r
0010e1bc 0000079c T _malloc_r
0010e958 000000f4 T memset
0010ea4c 0000000c T __malloc_lock
0010ea58 0000000c T __malloc_unlock
0010ea64 0000064c t get_arg
0010f0b0 00003378 T _vfprintf_r
00112428 000000b8 t __sbprintf
001124e0 00000090 T strlen
00112570 0000022c T __sflush_r
0011279c 00000094 T _fflush_r
00112830 000000e4 T strncat
00112914 000000e4 T strncmp
001129f8 00000070 T _fwalk_sglue
00112a68 000000c4 T strncpy
00112b2c 0000001c t stdio_exit_handler
00112b48 0000005c t cleanup_stdio
00112ba4 00000154 t global_stdio_init.part.0
00112cf8 0000005c T __sinit
00112d54 0000000c T __sfp_lock_acquire
00112d60 0000000c T __sfp_lock_release
00112d6c 00000048 T strnlen
00112db4 00000064 t sulp
00112e18 000013a4 T _strtod_l
001141bc 0000003c T _strtod_r
001141f8 000001b0 t _strtol_l.part.0
001143a8 00000060 T _strtol_r
00114408 00000020 T realloc
00114428 000001d8 t _strtoul_l.isra.0
00114600 00000030 T _strtoul_r
00114630 00000034 T strtoul
00114664 00000024 T __locale_mb_cur_max
00114688 00000024 T _localeconv_r
001146ac 000000e0 T memchr
0011478c 000000f0 T __utf8_wctomb
0011487c 0000011c T memcpy
00114998 000000dc T stpncpy
00114a74 00000084 T __libc_init_array
00114af8 0000003c T __libc_fini_array
00114b34 0000000c T __errno
00114b40 00000010 T nan
00114b50 0000000c T nanf
00114b60 00000088 T frexp
00114be8 00000234 t _strtoll_l.isra.0
00114e1c 00000030 T _strtoll_r
00114e4c 0000025c t _strtoull_l.isra.0
001150a8 00000030 T _strtoull_r
001150d8 00000008 T iswspace
001150e0 000000b4 T _mbrtowc_r
00115194 0000012c T __smakebuf_r
001152c0 0000008c T __swhatbuf_r
0011534c 000000a0 T _wcrtomb_r
001153ec 00000038 T iswspace_l
00115424 00000028 T _wcsrtombs_r
0011544c 00000064 T sprintf
001154b0 000000f0 T __sccl
001155a0 00000090 T category
00115630 0000064c t get_arg
00115c7c 00000030 T __sprint_r
00115cac 00002304 T _vfiprintf_r
00117fb0 000000b8 t __sbprintf
00118068 0000018c T __ssprint_r
001181f4 000000e0 T _sungetc_r
001182d4 0000006c T __ssrefill_r
00118340 000000c4 T _sfread_r
00118404 00000138 T __swsetup_r
0011853c 000000f0 t rshift
0011862c 0000089c T __gethex
00118ec8 000001b4 t quorem
00119080 00001218 T _dtoa_r
0011a298 00000130 T strchr
0011a3c8 00000148 T _fclose_r
0011a510 0000064c t get_arg
0011ab60 00003324 T _svfprintf_r
0011de84 0000004c T __match
0011ded0 0000029c T __hexnan
0011e16c 00000150 T memmove
0011e2bc 00000088 T _Balloc
0011e344 0000001c T _Bfree
0011e360 000000f4 T __multadd
0011e454 00000110 T __s2b
0011e564 00000060 T __hi0bits
0011e5c4 0000009c T __lo0bits
0011e660 000000a4 T __i2b
0011e704 00000204 T __multiply
0011e908 00000128 T __pow5mult
0011ea30 00000140 T __lshift
0011eb70 00000058 T __mcmp
0011ebc8 000001fc T __mdiff
0011edc4 00000068 T __ulp
0011ee2c 000000d0 T __b2d
0011eefc 00000124 T __d2b
0011f020 00000078 T __ratio
0011f098 00000088 T __copybits
0011f120 0000005c T __any_on
0011f17c 000004b4 T __sfvwrite_r
0011f630 000004a0 T _realloc_r
0011fad0 000002f8 T __utf8_mbtowc
0011fdc8 00000188 T _wcsnrtombs_l
0011ff50 00000064 T _wcsnrtombs_r
0011ffb4 000000a8 T __submore
0012005c 000000c0 T _calloc_r
0012011c 0000005c T __assert_func
00120178 0000003c T fiprintf
001201b4 00000014 T abort
001201c8 00000090 T _raise_r
00120258 00000018 T raise
00120270 00000020 T _exit
00120290 0000013c T chdir
001203cc 000001cc T _concatenate_path
00120598 00000078 T _fstat_r
00120610 00000014 T _getpid_r
00120624 0000002c T __getreent
00120650 0000003c T __get_handle
0012068c 000000f4 T _close_r
00120780 00000008 t null_write
00120788 00000018 T setDefaultDevice
001207a0 000000c8 T FindDevice
00120868 00000028 T RemoveDevice
00120890 0000009c T AddDevice
0012092c 00000020 T GetDeviceOpTab
0012094c 00000008 T _isatty_r
00120954 00000014 T _kill_r
00120968 00000084 T _lseek_r
001209ec 00000080 T _read_r
00120a6c 00000078 W _sbrk_r
00120ae4 0000001c T __libc_lock_acquire
00120b00 0000001c T __libc_lock_release
00120b1c 0000001c T __libc_lock_acquire_recursive
00120b38 0000001c T __libc_lock_release_recursive
00120b54 00000080 T _write_r
00120bd4 00000038 T __aeabi_d2lz
00120bd4 00000038 T __fixdfdi
00120c10 00000040 T __aeabi_d2ulz
00120c10 00000040 T __fixunsdfdi
00120c50 00000048 T strrchr
00120c98 T _fini
00121228 r .LC2
001212f4 00000080 r dotab_stdout
00121374 00000018 r grayScale
0012138c 00000006 r colorCube
00121394 00000030 r colorTable
001213c4 00000008 r morton_y.2
001213cc 00000008 r morton_x.3
001213d4 00000008 r s_sleepWakeEvents.4
001213dc R default_font_bin
00121bdc R default_font_bin_end
00121bdc 00000030 r error_table
00121c0c 00000080 r archive_devoptab
00121ccc 00000022 r basefix.0
00121cf0 00000010 r zeroes.0
00121d00 00000010 r blanks.1
00121d10 00000014 r fpinan.0
00121d24 00000014 r fpi.1
00121d38 00000028 r tinytens
00121d60 00000101 R _ctype_
00121e64 00003528 r categories
0012538c 00000010 r zeroes.0
0012539c 00000010 r blanks.1
001253ac 0000006c R __action_table
00125418 0000006c R __state_table
00125484 00000100 R __chclass
00125584 00000100 R __hexdig
00125684 00000010 r zeroes.0
00125694 00000010 r blanks.1
001256a4 0000000c r p05.0
001256b0 00000028 R __mprec_bigtens
001256d8 000000c8 R __mprec_tens
001257a0 00000080 R dotab_stdnull
00125820 R __tdata_align
00125824 r __EH_FRAME_BEGIN__
00125824 R __exidx_end
00125824 R __exidx_start
00126000 00000001 d firstConsoleInit.0
00126004 00000004 D currentConsole
00126008 00000048 D defaultConsole
00126050 00000004 d aptChainloadDeliverArgSize
00126054 00000004 d kCount
00126058 00000004 d kInterval
0012605c 00000004 d kDelay
00126060 W __stacksize__
00126064 00000004 D __malloc_sbrk_base
00126068 00000004 D __malloc_trim_threshold
00126070 00000408 D __malloc_av_
00126478 0000000c D __sglue
00126484 0000016c D __global_locale
001265f0 00000004 D _impure_ptr
001265f8 00000120 D _impure_data
00126718 00000400 d _current_working_directory
00126b18 00001000 d handles
00127b18 0000000c d __stderr_handle
00127b24 0000000c d __stdout_handle
00127b30 0000000c d __stdin_handle
00127b3c 0000008c D devoptab_list
00127bc8 00000004 d defaultDevice
00127bd4 d _GLOBAL_OFFSET_TABLE_
00127be0 d __frame_dummy_init_array_entry
00127be0 D __init_array_start
00127be0 B __preinit_array_end
00127be0 B __preinit_array_start
00127be0 D __tdata_lma
00127be0 D __tdata_lma_end
00127be4 d __do_global_dtors_aux_fini_array_entry
00127be4 D __fini_array_start
00127be4 D __init_array_end
00127be8 D __bss_start__
00127be8 D __fini_array_end
00127be8 b completed.1
00127bec b object.0
00127c04 00000048 B currentCopy
00127c4c 00000004 b screenAlloc
00127c50 00000004 b screenFree
00127c54 00000002 b gfxIsDoubleBuf
00127c58 00000002 b gfxCurBuf
00127c5a 00000001 b gfxIsVram
00127c5b 00000001 b gfxTopMode
00127c5c 00000002 b gfxFramebufferFormats
00127c60 00000004 b gfxBottomFramebufferMaxSize
00127c64 00000004 b gfxTopFramebufferMaxSize
00127c68 00000008 b gfxBottomFramebuffers
00127c70 00000008 b gfxTopFramebuffers
00127c78 00000004 b srvRefCount
00127c7c 00000004 b srvHandle
00127c80 00000001 b flagValue.0
00127c81 00000001 b flagInit.1
00127c84 00000004 b serviceName.6
00127c88 00000001 b aptChainloadFlags
00127c89 00000001 b aptChainloadMediatype
00127c8c 00000020 b aptChainloadHmac
00127cac 00000300 b aptChainloadDeliverArg
00127fb0 00000008 b aptChainloadTid
00127fb8 00001000 b aptParameters
00128fb8 00000004 b aptFlags
00128fbc 00000001 b aptHomeButtonState
00128fc0 00000004 b aptMessageFuncData
00128fc4 00000004 b aptMessageFunc
00128fc8 0000000c b aptFirstHook
00128fd4 00000001 b aptEventHandlerThreadQuit
00128fd8 00000004 b aptEventHandlerThread
00128fdc 00000008 b aptSleepEvent
00128fe4 00000008 b aptReceiveEvent
00128fec 00000008 b aptEvents
00128ff4 00000004 b aptLockHandle
00128ff8 00000004 b aptRefCount
00128ffc 00000007 b gspEventCbOneShot
00129004 0000001c b gspEventCbData
00129020 0000001c b gspEventCb
0012903c 00000038 b gspEvents
00129074 00000004 b gspLastEvent
00129078 00000001 b gspRunEvents
0012907c 00000004 b gspEventThread
00129080 00000004 b gspEvent
00129084 00000001 b gspGpuRight
00129085 00000001 b gspThreadId
00129088 00000004 b gspSharedMem
0012908c 00000004 b gspSharedMemHandle
00129090 00000004 b gspRefCount
00129094 00000004 b gspGpuHandle
00129098 00000001 b usingIrrst
0012909c 00000004 b hidRefCount
001290a0 00000006 b gRate
001290a8 00000006 b aVec
001290b0 00000004 b cPos
001290b4 00000004 b tPos
001290b8 00000004 b kRepeat
001290bc 00000004 b kUp
001290c0 00000004 b kDown
001290c4 00000004 b kHeld
001290c8 00000004 b kOld
001290cc 00000004 B hidSharedMem
001290d0 00000014 B hidEvents
001290e4 00000004 B hidMemHandle
001290e8 00000004 B hidHandle
001290ec 00000004 b irrstRefCount
001290f0 00000004 b csPos
001290f4 00000004 b kHeld
001290f8 00000004 B irrstSharedMem
001290fc 00000004 B irrstEvent
00129100 00000004 B irrstMemHandle
00129104 00000004 B irrstHandle
00129108 00000004 b srvPmHandle
0012910c 00000004 B __system_retAddr
00129110 00000004 B __system_argv
00129114 00000004 B __system_argc
00129118 b saved_stack
00129120 00000008 b sLinearPool
00129128 0000000c b sAddrMap
00129138 00000008 b sVramPoolB
00129140 00000008 b sVramPoolA
00129148 0000000c b sAddrMap
00129154 00000004 B __3dslink_host
00129158 00000001 V __ctru_speedup
0012915c 00000004 b arbiter
00129160 00000004 b currentAddr
00129164 00000004 b maxAddr
00129168 00000004 b minAddr
0012916c 00000004 b ptmSysmRefCount
00129170 00000004 b ptmSysmHandle
00129174 00000004 V __ctru_linear_heap_size
00129178 00000004 V __ctru_heap_size
0012917c 00000004 B __ctru_linear_heap
00129180 00000004 B __ctru_heap
00129188 000005c0 b archive_devices
00129748 00000004 b archive_device_cwd
0012974c 00000001 b archive_initialized
00129750 00000080 b fsExemptArchives
001297d0 00000004 b fsuRefCount
001297d4 00000004 b fsuHandle
001297d8 00000028 B __malloc_current_mallinfo
00129800 00000004 B __malloc_max_total_mem
00129804 00000004 B __malloc_max_sbrked_mem
00129808 00000004 B __malloc_top_pad
0012980c 0000000c b __malloc_recursive_mutex
00129818 0000000c b __sfp_recursive_mutex
00129828 00000168 B __sf
00129990 00000004 B __stdio_exit_handler
00129994 00000400 b temp_cwd
00129d94 00000004 b __hndl_lock
00129d98 00000004 B fake_heap_start
00129d9c 00000004 B fake_heap_end
00129da0 00000004 b heap_start.0
00129da4 B __tls_start
0012a9ac B __bss_end__
0012a9ac A __end__
0012a9ac B __tls_end
